#! /usr/local/bin/vvp
:ivl_version "12.0 (stable)";
:ivl_delay_selection "TYPICAL";
:vpi_time_precision + 0;
:vpi_module "/usr/local/lib/ivl/system.vpi";
:vpi_module "/usr/local/lib/ivl/vhdl_sys.vpi";
:vpi_module "/usr/local/lib/ivl/vhdl_textio.vpi";
:vpi_module "/usr/local/lib/ivl/v2005_math.vpi";
:vpi_module "/usr/local/lib/ivl/va_math.vpi";
:vpi_module "/usr/local/lib/ivl/v2009.vpi";
S_0x21137180 .scope package, "$unit" "$unit" 2 1;
 .timescale 0 0;
S_0x21136330 .scope module, "tb_async_up_counter" "tb_async_up_counter" 3 3;
 .timescale 0 0;
v0x2115f320_0 .var "clk", 0 0;
v0x2115f3c0_0 .net "q", 3 0, L_0x2115f870;  1 drivers
v0x2115f480_0 .var "rst", 0 0;
S_0x21137fd0 .scope module, "uut" "async_up_counter" 3 8, 4 2 0, S_0x21136330;
 .timescale 0 0;
    .port_info 0 /INPUT 1 "clk";
    .port_info 1 /INPUT 1 "rst";
    .port_info 2 /OUTPUT 4 "q";
v0x2115efd0_0 .net "clk", 0 0, v0x2115f320_0;  1 drivers
v0x2115f0a0_0 .net "q", 3 0, L_0x2115f870;  alias, 1 drivers
v0x2115f160_0 .net "rst", 0 0, v0x2115f480_0;  1 drivers
L_0x2115f550 .part L_0x2115f870, 0, 1;
L_0x2115f670 .part L_0x2115f870, 1, 1;
L_0x2115f710 .part L_0x2115f870, 2, 1;
L_0x2115f870 .concat8 [ 1 1 1 1], v0x2115dd00_0, v0x2115e2a0_0, v0x2115e840_0, v0x2115ee10_0;
S_0x211475c0 .scope module, "tff0" "T_FF" 4 11, 4 25 0, S_0x21137fd0;
 .timescale 0 0;
    .port_info 0 /INPUT 1 "clk";
    .port_info 1 /INPUT 1 "rst";
    .port_info 2 /OUTPUT 1 "q";
v0x2110e120_0 .net "clk", 0 0, v0x2115f320_0;  alias, 1 drivers
v0x2115dd00_0 .var "q", 0 0;
v0x2115ddc0_0 .net "rst", 0 0, v0x2115f480_0;  alias, 1 drivers
E_0x21145b40 .event posedge, v0x2115ddc0_0, v0x2110e120_0;
S_0x2115df10 .scope module, "tff1" "T_FF" 4 14, 4 25 0, S_0x21137fd0;
 .timescale 0 0;
    .port_info 0 /INPUT 1 "clk";
    .port_info 1 /INPUT 1 "rst";
    .port_info 2 /OUTPUT 1 "q";
v0x2115e1c0_0 .net "clk", 0 0, L_0x2115f550;  1 drivers
v0x2115e2a0_0 .var "q", 0 0;
v0x2115e360_0 .net "rst", 0 0, v0x2115f480_0;  alias, 1 drivers
E_0x2115e140 .event posedge, v0x2115ddc0_0, v0x2115e1c0_0;
S_0x2115e4a0 .scope module, "tff2" "T_FF" 4 17, 4 25 0, S_0x21137fd0;
 .timescale 0 0;
    .port_info 0 /INPUT 1 "clk";
    .port_info 1 /INPUT 1 "rst";
    .port_info 2 /OUTPUT 1 "q";
v0x2115e760_0 .net "clk", 0 0, L_0x2115f670;  1 drivers
v0x2115e840_0 .var "q", 0 0;
v0x2115e900_0 .net "rst", 0 0, v0x2115f480_0;  alias, 1 drivers
E_0x2115e700 .event posedge, v0x2115ddc0_0, v0x2115e760_0;
S_0x2115ea80 .scope module, "tff3" "T_FF" 4 20, 4 25 0, S_0x21137fd0;
 .timescale 0 0;
    .port_info 0 /INPUT 1 "clk";
    .port_info 1 /INPUT 1 "rst";
    .port_info 2 /OUTPUT 1 "q";
v0x2115ed30_0 .net "clk", 0 0, L_0x2115f710;  1 drivers
v0x2115ee10_0 .var "q", 0 0;
v0x2115eed0_0 .net "rst", 0 0, v0x2115f480_0;  alias, 1 drivers
E_0x2115ecb0 .event posedge, v0x2115ddc0_0, v0x2115ed30_0;
    .scope S_0x211475c0;
T_0 ;
    %wait E_0x21145b40;
    %load/vec4 v0x2115ddc0_0;
    %flag_set/vec4 8;
    %jmp/0xz  T_0.0, 8;
    %pushi/vec4 0, 0, 1;
    %assign/vec4 v0x2115dd00_0, 0;
    %jmp T_0.1;
T_0.0 ;
    %load/vec4 v0x2115dd00_0;
    %inv;
    %assign/vec4 v0x2115dd00_0, 0;
T_0.1 ;
    %jmp T_0;
    .thread T_0;
    .scope S_0x2115df10;
T_1 ;
    %wait E_0x2115e140;
    %load/vec4 v0x2115e360_0;
    %flag_set/vec4 8;
    %jmp/0xz  T_1.0, 8;
    %pushi/vec4 0, 0, 1;
    %assign/vec4 v0x2115e2a0_0, 0;
    %jmp T_1.1;
T_1.0 ;
    %load/vec4 v0x2115e2a0_0;
    %inv;
    %assign/vec4 v0x2115e2a0_0, 0;
T_1.1 ;
    %jmp T_1;
    .thread T_1;
    .scope S_0x2115e4a0;
T_2 ;
    %wait E_0x2115e700;
    %load/vec4 v0x2115e900_0;
    %flag_set/vec4 8;
    %jmp/0xz  T_2.0, 8;
    %pushi/vec4 0, 0, 1;
    %assign/vec4 v0x2115e840_0, 0;
    %jmp T_2.1;
T_2.0 ;
    %load/vec4 v0x2115e840_0;
    %inv;
    %assign/vec4 v0x2115e840_0, 0;
T_2.1 ;
    %jmp T_2;
    .thread T_2;
    .scope S_0x2115ea80;
T_3 ;
    %wait E_0x2115ecb0;
    %load/vec4 v0x2115eed0_0;
    %flag_set/vec4 8;
    %jmp/0xz  T_3.0, 8;
    %pushi/vec4 0, 0, 1;
    %assign/vec4 v0x2115ee10_0, 0;
    %jmp T_3.1;
T_3.0 ;
    %load/vec4 v0x2115ee10_0;
    %inv;
    %assign/vec4 v0x2115ee10_0, 0;
T_3.1 ;
    %jmp T_3;
    .thread T_3;
    .scope S_0x21136330;
T_4 ;
    %pushi/vec4 0, 0, 1;
    %store/vec4 v0x2115f320_0, 0, 1;
    %end;
    .thread T_4, $init;
    .scope S_0x21136330;
T_5 ;
    %delay 5, 0;
    %load/vec4 v0x2115f320_0;
    %inv;
    %store/vec4 v0x2115f320_0, 0, 1;
    %jmp T_5;
    .thread T_5;
    .scope S_0x21136330;
T_6 ;
    %vpi_call/w 3 18 "$monitor", "Time=%0t | rst=%b | q=%b", $time, v0x2115f480_0, v0x2115f3c0_0 {0 0 0};
    %pushi/vec4 1, 0, 1;
    %store/vec4 v0x2115f480_0, 0, 1;
    %delay 10, 0;
    %pushi/vec4 0, 0, 1;
    %store/vec4 v0x2115f480_0, 0, 1;
    %delay 160, 0;
    %pushi/vec4 1, 0, 1;
    %store/vec4 v0x2115f480_0, 0, 1;
    %delay 10, 0;
    %pushi/vec4 0, 0, 1;
    %store/vec4 v0x2115f480_0, 0, 1;
    %delay 100, 0;
    %vpi_call/w 3 29 "$finish" {0 0 0};
    %end;
    .thread T_6;
# The file index is used to find the file name in the following table.
:file_names 5;
    "N/A";
    "<interactive>";
    "-";
    "testbench.sv";
    "design.sv";
